<?xml version="1.0" encoding="UTF-8"?>
<testsuite name="it.unibo.functional.TestFunctionalLibrary" tests="3" skipped="0" failures="0" errors="0" timestamp="2024-11-11T02:26:51" hostname="MacBook-Air-di-christian.local" time="0.02">
  <properties/>
  <testcase name="testFlatten()" classname="it.unibo.functional.TestFunctionalLibrary" time="0.016"/>
  <testcase name="testSelectAndReject()" classname="it.unibo.functional.TestFunctionalLibrary" time="0.002"/>
  <testcase name="testTransform()" classname="it.unibo.functional.TestFunctionalLibrary" time="0.0"/>
  <system-out><![CDATA[]]></system-out>
  <system-err><![CDATA[]]></system-err>
</testsuite>
